g:\projects\elba\openglframework\openglframework\debug\vc141.pdb
g:\projects\elba\openglframework\openglframework\debug\vc141.idb
g:\projects\elba\openglframework\openglframework\debug\application.obj
g:\projects\elba\openglframework\openglframework\debug\camera.obj
g:\projects\elba\openglframework\openglframework\debug\mesh.obj
g:\projects\elba\openglframework\openglframework\debug\model.obj
g:\projects\elba\openglframework\openglframework\debug\shader.obj
g:\projects\elba\openglframework\openglframework\debug\imgui.obj
g:\projects\elba\openglframework\openglframework\debug\imgui_draw.obj
g:\projects\elba\openglframework\openglframework\debug\imgui_impl_glfw_gl3.obj
g:\projects\elba\openglframework\openglframework\debug\main.obj
g:\projects\elba\openglframework\debug\openglframework.exe
g:\projects\elba\openglframework\debug\openglframework.ilk
g:\projects\elba\openglframework\debug\openglframework.pdb
g:\projects\elba\openglframework\openglframework\debug\openglframework.tlog\cl.command.1.tlog
g:\projects\elba\openglframework\openglframework\debug\openglframework.tlog\cl.read.1.tlog
g:\projects\elba\openglframework\openglframework\debug\openglframework.tlog\cl.write.1.tlog
g:\projects\elba\openglframework\openglframework\debug\openglframework.tlog\link.command.1.tlog
g:\projects\elba\openglframework\openglframework\debug\openglframework.tlog\link.read.1.tlog
g:\projects\elba\openglframework\openglframework\debug\openglframework.tlog\link.write.1.tlog
